<?xml version="1.0" encoding="UTF-8"?>
<testng-results ignored="0" total="10" passed="10" failed="0" skipped="0">
  <reporter-output>
  </reporter-output>
  <suite started-at="2023-03-31T15:20:58 ICT" name="Suite" finished-at="2023-03-31T15:21:03 ICT" duration-ms="4867">
    <groups>
    </groups>
    <test started-at="2023-03-31T15:20:58 ICT" name="API_login" finished-at="2023-03-31T15:21:03 ICT" duration-ms="4360">
      <class name="com.api.auto.testcase.TC_API_Login">
        <test-method is-config="true" signature="init()[pri:0, instance:com.api.auto.testcase.TC_API_Login@4bb33f74]" started-at="2023-03-31T15:20:58 ICT" name="init" finished-at="2023-03-31T15:21:02 ICT" duration-ms="3457" status="PASS">
          <reporter-output>
          </reporter-output>
        </test-method> <!-- init -->
        <test-method signature="TC01_Validate200Ok()[pri:0, instance:com.api.auto.testcase.TC_API_Login@4bb33f74]" started-at="2023-03-31T15:21:02 ICT" name="TC01_Validate200Ok" finished-at="2023-03-31T15:21:02 ICT" duration-ms="15" status="PASS">
          <reporter-output>
          </reporter-output>
        </test-method> <!-- TC01_Validate200Ok -->
        <test-method signature="TC02_ValidateMessage()[pri:1, instance:com.api.auto.testcase.TC_API_Login@4bb33f74]" started-at="2023-03-31T15:21:02 ICT" name="TC02_ValidateMessage" finished-at="2023-03-31T15:21:02 ICT" duration-ms="513" status="PASS">
          <reporter-output>
          </reporter-output>
        </test-method> <!-- TC02_ValidateMessage -->
        <test-method signature="TC03_ValidateToken()[pri:2, instance:com.api.auto.testcase.TC_API_Login@4bb33f74]" started-at="2023-03-31T15:21:02 ICT" name="TC03_ValidateToken" finished-at="2023-03-31T15:21:03 ICT" duration-ms="257" status="PASS">
          <reporter-output>
          </reporter-output>
        </test-method> <!-- TC03_ValidateToken -->
        <test-method signature="TC05_ValidateUserType()[pri:3, instance:com.api.auto.testcase.TC_API_Login@4bb33f74]" started-at="2023-03-31T15:21:03 ICT" name="TC05_ValidateUserType" finished-at="2023-03-31T15:21:03 ICT" duration-ms="16" status="PASS">
          <reporter-output>
          </reporter-output>
        </test-method> <!-- TC05_ValidateUserType -->
        <test-method signature="TC06_ValidateAccount()[pri:4, instance:com.api.auto.testcase.TC_API_Login@4bb33f74]" started-at="2023-03-31T15:21:03 ICT" name="TC06_ValidateAccount" finished-at="2023-03-31T15:21:03 ICT" duration-ms="30" status="PASS">
          <reporter-output>
          </reporter-output>
        </test-method> <!-- TC06_ValidateAccount -->
      </class> <!-- com.api.auto.testcase.TC_API_Login -->
    </test> <!-- API_login -->
    <test started-at="2023-03-31T15:21:03 ICT" name="API_CreateWork" finished-at="2023-03-31T15:21:03 ICT" duration-ms="469">
      <class name="com.api.auto.testcase.TC_API_CreateWork">
        <test-method is-config="true" signature="init()[pri:0, instance:com.api.auto.testcase.TC_API_CreateWork@5d7148e2]" started-at="2023-03-31T15:21:03 ICT" name="init" finished-at="2023-03-31T15:21:03 ICT" duration-ms="370" status="PASS">
          <reporter-output>
          </reporter-output>
        </test-method> <!-- init -->
        <test-method signature="TC01_Validate201Created()[pri:0, instance:com.api.auto.testcase.TC_API_CreateWork@5d7148e2]" started-at="2023-03-31T15:21:03 ICT" name="TC01_Validate201Created" finished-at="2023-03-31T15:21:03 ICT" duration-ms="5" status="PASS">
          <reporter-output>
          </reporter-output>
        </test-method> <!-- TC01_Validate201Created -->
        <test-method signature="TC02_ValidateWorkId()[pri:1, instance:com.api.auto.testcase.TC_API_CreateWork@5d7148e2]" started-at="2023-03-31T15:21:03 ICT" name="TC02_ValidateWorkId" finished-at="2023-03-31T15:21:03 ICT" duration-ms="4" status="PASS">
          <reporter-output>
          </reporter-output>
        </test-method> <!-- TC02_ValidateWorkId -->
        <test-method signature="TC03_ValidateNameOfWorkMatched()[pri:2, instance:com.api.auto.testcase.TC_API_CreateWork@5d7148e2]" started-at="2023-03-31T15:21:03 ICT" name="TC03_ValidateNameOfWorkMatched" finished-at="2023-03-31T15:21:03 ICT" duration-ms="33" status="PASS">
          <reporter-output>
          </reporter-output>
        </test-method> <!-- TC03_ValidateNameOfWorkMatched -->
        <test-method signature="TC03_ValidateExperienceMatched()[pri:3, instance:com.api.auto.testcase.TC_API_CreateWork@5d7148e2]" started-at="2023-03-31T15:21:03 ICT" name="TC03_ValidateExperienceMatched" finished-at="2023-03-31T15:21:03 ICT" duration-ms="14" status="PASS">
          <reporter-output>
          </reporter-output>
        </test-method> <!-- TC03_ValidateExperienceMatched -->
        <test-method signature="TC03_ValidateEducationMatched()[pri:4, instance:com.api.auto.testcase.TC_API_CreateWork@5d7148e2]" started-at="2023-03-31T15:21:03 ICT" name="TC03_ValidateEducationMatched" finished-at="2023-03-31T15:21:03 ICT" duration-ms="15" status="PASS">
          <reporter-output>
          </reporter-output>
        </test-method> <!-- TC03_ValidateEducationMatched -->
      </class> <!-- com.api.auto.testcase.TC_API_CreateWork -->
    </test> <!-- API_CreateWork -->
  </suite> <!-- Suite -->
</testng-results>
