<?xml version="1.0" encoding="UTF-8"?>
<!-- Generated by org.testng.reporters.JUnitXMLReporter -->
<testsuite ignored="0" hostname="LAPTOP-5K836TPI" failures="0" tests="5" name="Default test" time="4.594" errors="0" timestamp="2023-03-31T13:18:19 ICT">
  <testcase classname="com.api.auto.testcase.TC_API_CreateWork" name="TC01_Validate201Created" time="0.01"/>
  <testcase classname="com.api.auto.testcase.TC_API_CreateWork" name="TC02_ValidateWorkId" time="0.005"/>
  <testcase classname="com.api.auto.testcase.TC_API_CreateWork" name="TC03_ValidateNameOfWorkMatched" time="0.673"/>
  <testcase classname="com.api.auto.testcase.TC_API_CreateWork" name="TC03_ValidateExperienceMatched" time="0.021"/>
  <testcase classname="com.api.auto.testcase.TC_API_CreateWork" name="TC03_ValidateEducationMatched" time="0.022"/>
</testsuite> <!-- Default test -->
