<?xml version="1.0" encoding="UTF-8"?>
<!-- Generated by org.testng.reporters.JUnitXMLReporter -->
<testsuite ignored="4" hostname="LAPTOP-5K836TPI" failures="0" tests="1" name="Default test" time="4.73" errors="0" timestamp="2023-03-31T13:08:59 ICT">
  <testcase classname="com.api.auto.testcase.TC_API_Login2" name="TC03_ValidateToken" time="0.925"/>
  <testcase classname="com.api.auto.testcase.TC_API_Login2" name="TC05_ValidateUserType" time="0.0">
    <ignored/>
  </testcase> <!-- TC05_ValidateUserType -->
  <testcase classname="com.api.auto.testcase.TC_API_Login2" name="TC06_ValidateAccount" time="0.0">
    <ignored/>
  </testcase> <!-- TC06_ValidateAccount -->
  <testcase classname="com.api.auto.testcase.TC_API_Login2" name="TC01_Validate200Ok" time="0.0">
    <ignored/>
  </testcase> <!-- TC01_Validate200Ok -->
  <testcase classname="com.api.auto.testcase.TC_API_Login2" name="TC02_ValidateMessage" time="0.0">
    <ignored/>
  </testcase> <!-- TC02_ValidateMessage -->
</testsuite> <!-- Default test -->
